******************* GDI DUMP => Date : Mon Dec 28 23:54:24 2020

No ST-Link device detected.
Please connect it and then retry.
**** End of GDI DUMP ****
******************* GDI DUMP => Date : Tue Dec 29 00:22:56 2020

Error after GoToUsbLoader command.
Ensure the hardware is recent enough for the software.
Try to restart it.
**** End of GDI DUMP ****
******************* GDI DUMP => Date : Tue Dec 29 00:23:00 2020

Communication error with ST-Link.
Try to start it.
**** End of GDI DUMP ****
******************* GDI DUMP => Date : Tue Dec 29 00:23:35 2020

Error after GoToUsbLoader command.
Ensure the hardware is recent enough for the software.
Try to restart it.
**** End of GDI DUMP ****
******************* GDI DUMP => Date : Mon Jun 27 22:15:04 2022

No ST-Link device detected.
Please connect it and then retry.
**** End of GDI DUMP ****
******************* GDI DUMP => Date : Mon Jun 27 22:15:27 2022

No ST-Link device detected.
Please connect it and then retry.
**** End of GDI DUMP ****
******************* GDI DUMP => Date : Mon Jun 27 22:16:37 2022

No ST-Link device detected.
Please connect it and then retry.
**** End of GDI DUMP ****
******************* GDI DUMP => Date : Mon Jun 27 23:37:33 2022

The up-to-date firmware is too big for this board. Can't update.
**** End of GDI DUMP ****
******************* GDI DUMP => Date : Mon Jun 27 23:37:51 2022

ErasePages (0) bad status (0, 2)

**** End of GDI DUMP ****
******************* GDI DUMP => Date : Mon Jun 27 23:57:25 2022

The up-to-date firmware is too big for this board. Can't update.
**** End of GDI DUMP ****
******************* GDI DUMP => Date : Mon Jun 27 23:57:46 2022

ErasePages (0) bad status (0, 2)

**** End of GDI DUMP ****
******************* GDI DUMP => Date : Mon Jun 27 23:58:38 2022

The up-to-date firmware is too big for this board. Can't update.
**** End of GDI DUMP ****
******************* GDI DUMP => Date : Tue Jun 28 00:01:40 2022

The up-to-date firmware is too big for this board. Can't update.
**** End of GDI DUMP ****
